it = 1, iter/nx=9.8, err_Pf=8.515e-09
it = 2, iter/nx=8.3, err_Pf=8.140e-09
it = 3, iter/nx=8.3, err_Pf=7.306e-09
it = 4, iter/nx=8.3, err_Pf=7.380e-09
it = 5, iter/nx=8.3, err_Pf=7.733e-09
it = 6, iter/nx=8.1, err_Pf=9.518e-09
it = 7, iter/nx=8.1, err_Pf=9.818e-09
it = 8, iter/nx=8.3, err_Pf=6.472e-09
it = 9, iter/nx=8.1, err_Pf=9.626e-09
it = 10, iter/nx=8.1, err_Pf=9.384e-09
it = 11, iter/nx=8.3, err_Pf=6.554e-09
it = 12, iter/nx=8.1, err_Pf=9.838e-09
it = 13, iter/nx=8.1, err_Pf=9.103e-09
it = 14, iter/nx=8.1, err_Pf=8.507e-09
it = 15, iter/nx=8.1, err_Pf=7.596e-09
it = 16, iter/nx=8.1, err_Pf=7.290e-09
it = 17, iter/nx=8.1, err_Pf=7.499e-09
it = 18, iter/nx=8.1, err_Pf=7.764e-09
it = 19, iter/nx=8.1, err_Pf=7.407e-09
it = 20, iter/nx=8.1, err_Pf=7.393e-09
it = 21, iter/nx=8.1, err_Pf=7.441e-09
it = 22, iter/nx=8.1, err_Pf=7.000e-09
it = 23, iter/nx=8.1, err_Pf=7.119e-09
it = 24, iter/nx=8.1, err_Pf=7.350e-09
it = 25, iter/nx=8.1, err_Pf=7.295e-09
it = 26, iter/nx=8.1, err_Pf=7.076e-09
it = 27, iter/nx=8.1, err_Pf=6.566e-09
it = 28, iter/nx=8.1, err_Pf=5.901e-09
it = 29, iter/nx=8.1, err_Pf=5.943e-09
it = 30, iter/nx=8.1, err_Pf=6.042e-09
it = 31, iter/nx=8.1, err_Pf=5.901e-09
it = 32, iter/nx=8.1, err_Pf=5.641e-09
it = 33, iter/nx=8.1, err_Pf=5.265e-09
it = 34, iter/nx=8.1, err_Pf=5.206e-09
it = 35, iter/nx=7.8, err_Pf=9.866e-09
it = 36, iter/nx=8.1, err_Pf=5.171e-09
it = 37, iter/nx=8.1, err_Pf=5.118e-09
it = 38, iter/nx=7.8, err_Pf=9.953e-09
it = 39, iter/nx=7.8, err_Pf=8.939e-09
it = 40, iter/nx=7.8, err_Pf=8.935e-09
it = 41, iter/nx=7.8, err_Pf=8.969e-09
it = 42, iter/nx=7.8, err_Pf=9.484e-09
it = 43, iter/nx=7.8, err_Pf=9.734e-09
it = 44, iter/nx=7.8, err_Pf=9.501e-09
it = 45, iter/nx=7.8, err_Pf=8.639e-09
it = 46, iter/nx=7.8, err_Pf=8.238e-09
it = 47, iter/nx=7.8, err_Pf=7.824e-09
it = 48, iter/nx=7.8, err_Pf=7.507e-09
it = 49, iter/nx=7.8, err_Pf=7.804e-09
it = 50, iter/nx=7.8, err_Pf=7.943e-09
┌ Info: Saved animation to 
└   fn = "/home/youwuyou/workspace/gpu-Julia/pde-on-gpu-wu/lecture4/scripts/pressure_temperature_2D_quiver.gif"
Plots.AnimatedGif("/home/youwuyou/workspace/gpu-Julia/pde-on-gpu-wu/lecture4/scripts/pressure_temperature_2D_quiver.gif")

julia> include("porous_convection_2D_quiver.jl")
it = 1, iter/nx=9.8, err_Pf=8.515e-09
it = 2, iter/nx=8.3, err_Pf=8.140e-09
it = 3, iter/nx=8.3, err_Pf=7.306e-09
it = 4, iter/nx=8.3, err_Pf=7.380e-09
it = 5, iter/nx=8.3, err_Pf=7.733e-09
it = 6, iter/nx=8.1, err_Pf=9.518e-09
it = 7, iter/nx=8.1, err_Pf=9.818e-09
it = 8, iter/nx=8.3, err_Pf=6.472e-09
it = 9, iter/nx=8.1, err_Pf=9.626e-09
it = 10, iter/nx=8.1, err_Pf=9.384e-09
it = 11, iter/nx=8.3, err_Pf=6.554e-09
it = 12, iter/nx=8.1, err_Pf=9.838e-09
it = 13, iter/nx=8.1, err_Pf=9.103e-09
it = 14, iter/nx=8.1, err_Pf=8.507e-09
it = 15, iter/nx=8.1, err_Pf=7.596e-09
it = 16, iter/nx=8.1, err_Pf=7.290e-09
it = 17, iter/nx=8.1, err_Pf=7.499e-09
it = 18, iter/nx=8.1, err_Pf=7.764e-09
it = 19, iter/nx=8.1, err_Pf=7.407e-09
it = 20, iter/nx=8.1, err_Pf=7.393e-09
it = 21, iter/nx=8.1, err_Pf=7.441e-09
it = 22, iter/nx=8.1, err_Pf=7.000e-09
it = 23, iter/nx=8.1, err_Pf=7.119e-09
it = 24, iter/nx=8.1, err_Pf=7.350e-09
it = 25, iter/nx=8.1, err_Pf=7.295e-09
it = 26, iter/nx=8.1, err_Pf=7.076e-09
it = 27, iter/nx=8.1, err_Pf=6.566e-09
it = 28, iter/nx=8.1, err_Pf=5.901e-09
it = 29, iter/nx=8.1, err_Pf=5.943e-09
it = 30, iter/nx=8.1, err_Pf=6.042e-09
it = 31, iter/nx=8.1, err_Pf=5.901e-09
it = 32, iter/nx=8.1, err_Pf=5.641e-09
it = 33, iter/nx=8.1, err_Pf=5.265e-09
it = 34, iter/nx=8.1, err_Pf=5.206e-09
it = 35, iter/nx=7.8, err_Pf=9.866e-09
it = 36, iter/nx=8.1, err_Pf=5.171e-09
it = 37, iter/nx=8.1, err_Pf=5.118e-09
it = 38, iter/nx=7.8, err_Pf=9.953e-09
it = 39, iter/nx=7.8, err_Pf=8.939e-09
it = 40, iter/nx=7.8, err_Pf=8.935e-09
it = 41, iter/nx=7.8, err_Pf=8.969e-09
it = 42, iter/nx=7.8, err_Pf=9.484e-09
it = 43, iter/nx=7.8, err_Pf=9.734e-09
it = 44, iter/nx=7.8, err_Pf=9.501e-09
it = 45, iter/nx=7.8, err_Pf=8.639e-09
it = 46, iter/nx=7.8, err_Pf=8.238e-09
it = 47, iter/nx=7.8, err_Pf=7.824e-09
it = 48, iter/nx=7.8, err_Pf=7.507e-09
it = 49, iter/nx=7.8, err_Pf=7.804e-09
it = 50, iter/nx=7.8, err_Pf=7.943e-09
it = 51, iter/nx=7.8, err_Pf=7.729e-09
it = 52, iter/nx=7.8, err_Pf=7.826e-09
it = 53, iter/nx=7.8, err_Pf=8.349e-09
it = 54, iter/nx=7.8, err_Pf=9.437e-09
it = 55, iter/nx=8.1, err_Pf=5.120e-09
it = 56, iter/nx=8.1, err_Pf=5.336e-09
it = 57, iter/nx=7.8, err_Pf=9.879e-09
it = 58, iter/nx=7.8, err_Pf=8.563e-09
it = 59, iter/nx=7.8, err_Pf=7.442e-09
it = 60, iter/nx=7.8, err_Pf=7.583e-09
it = 61, iter/nx=7.8, err_Pf=7.262e-09
it = 62, iter/nx=7.8, err_Pf=6.557e-09
it = 63, iter/nx=7.8, err_Pf=6.637e-09
it = 64, iter/nx=7.8, err_Pf=7.135e-09
it = 65, iter/nx=7.8, err_Pf=7.105e-09
it = 66, iter/nx=7.8, err_Pf=8.092e-09
it = 67, iter/nx=7.8, err_Pf=9.281e-09
it = 68, iter/nx=8.1, err_Pf=4.314e-09
it = 69, iter/nx=8.1, err_Pf=4.285e-09
it = 70, iter/nx=8.1, err_Pf=4.786e-09
it = 71, iter/nx=8.1, err_Pf=5.341e-09
it = 72, iter/nx=8.1, err_Pf=5.614e-09
it = 73, iter/nx=8.1, err_Pf=5.613e-09
it = 74, iter/nx=8.1, err_Pf=5.427e-09
it = 75, iter/nx=7.8, err_Pf=9.716e-09
it = 76, iter/nx=7.8, err_Pf=8.825e-09
it = 77, iter/nx=7.8, err_Pf=8.004e-09
it = 78, iter/nx=7.8, err_Pf=7.204e-09
it = 79, iter/nx=7.8, err_Pf=6.457e-09
it = 80, iter/nx=7.8, err_Pf=5.782e-09
it = 81, iter/nx=7.8, err_Pf=5.452e-09
it = 82, iter/nx=7.8, err_Pf=5.598e-09
it = 83, iter/nx=7.8, err_Pf=5.747e-09
it = 84, iter/nx=7.8, err_Pf=6.072e-09
it = 85, iter/nx=7.8, err_Pf=6.379e-09
it = 86, iter/nx=7.8, err_Pf=6.450e-09
it = 87, iter/nx=7.8, err_Pf=6.532e-09
it = 88, iter/nx=7.8, err_Pf=6.594e-09
it = 89, iter/nx=7.8, err_Pf=6.702e-09
it = 90, iter/nx=7.8, err_Pf=6.830e-09
it = 91, iter/nx=7.8, err_Pf=6.922e-09
it = 92, iter/nx=7.8, err_Pf=6.986e-09
it = 93, iter/nx=7.8, err_Pf=7.021e-09
it = 94, iter/nx=7.8, err_Pf=7.138e-09
it = 95, iter/nx=7.8, err_Pf=7.518e-09
it = 96, iter/nx=7.8, err_Pf=7.874e-09
it = 97, iter/nx=7.8, err_Pf=7.962e-09
it = 98, iter/nx=7.8, err_Pf=7.796e-09
it = 99, iter/nx=7.8, err_Pf=7.588e-09
it = 100, iter/nx=7.8, err_Pf=7.559e-09
it = 101, iter/nx=7.8, err_Pf=7.543e-09
it = 102, iter/nx=7.8, err_Pf=7.525e-09
it = 103, iter/nx=7.8, err_Pf=7.571e-09
it = 104, iter/nx=7.8, err_Pf=7.737e-09
it = 105, iter/nx=7.8, err_Pf=7.891e-09
it = 106, iter/nx=7.8, err_Pf=8.151e-09
it = 107, iter/nx=7.8, err_Pf=8.259e-09
it = 108, iter/nx=7.8, err_Pf=8.371e-09
it = 109, iter/nx=7.8, err_Pf=8.853e-09
it = 110, iter/nx=7.8, err_Pf=9.147e-09
it = 111, iter/nx=7.8, err_Pf=9.441e-09
it = 112, iter/nx=7.8, err_Pf=9.575e-09
it = 113, iter/nx=7.8, err_Pf=9.549e-09
it = 114, iter/nx=7.8, err_Pf=9.367e-09
it = 115, iter/nx=7.8, err_Pf=9.033e-09
it = 116, iter/nx=7.8, err_Pf=8.578e-09
it = 117, iter/nx=7.8, err_Pf=8.050e-09
it = 118, iter/nx=7.8, err_Pf=7.650e-09
it = 119, iter/nx=7.8, err_Pf=7.745e-09
it = 120, iter/nx=7.8, err_Pf=7.727e-09
it = 121, iter/nx=7.8, err_Pf=7.865e-09
it = 122, iter/nx=7.8, err_Pf=8.185e-09
it = 123, iter/nx=7.8, err_Pf=8.733e-09
it = 124, iter/nx=7.8, err_Pf=9.158e-09
it = 125, iter/nx=7.8, err_Pf=9.463e-09
it = 126, iter/nx=7.8, err_Pf=9.648e-09
it = 127, iter/nx=7.8, err_Pf=9.749e-09
it = 128, iter/nx=7.8, err_Pf=9.870e-09
it = 129, iter/nx=8.1, err_Pf=4.743e-09
it = 130, iter/nx=8.1, err_Pf=4.659e-09
it = 131, iter/nx=8.1, err_Pf=4.541e-09
it = 132, iter/nx=8.1, err_Pf=4.397e-09
it = 133, iter/nx=8.1, err_Pf=4.485e-09
it = 134, iter/nx=8.1, err_Pf=4.669e-09
it = 135, iter/nx=8.1, err_Pf=4.777e-09
it = 136, iter/nx=7.8, err_Pf=9.829e-09
it = 137, iter/nx=7.8, err_Pf=9.422e-09
it = 138, iter/nx=7.8, err_Pf=9.211e-09
it = 139, iter/nx=7.8, err_Pf=9.047e-09
it = 140, iter/nx=7.8, err_Pf=8.816e-09
it = 141, iter/nx=7.8, err_Pf=8.525e-09
it = 142, iter/nx=7.8, err_Pf=8.165e-09
it = 143, iter/nx=7.8, err_Pf=7.761e-09
it = 144, iter/nx=7.8, err_Pf=7.442e-09
it = 145, iter/nx=7.8, err_Pf=7.303e-09
it = 146, iter/nx=7.8, err_Pf=7.126e-09
it = 147, iter/nx=7.8, err_Pf=6.915e-09
it = 148, iter/nx=7.8, err_Pf=6.994e-09
it = 149, iter/nx=7.8, err_Pf=7.386e-09
it = 150, iter/nx=7.8, err_Pf=7.717e-09
it = 151, iter/nx=7.8, err_Pf=7.976e-09
it = 152, iter/nx=7.8, err_Pf=8.245e-09
it = 153, iter/nx=7.8, err_Pf=8.466e-09
it = 154, iter/nx=7.8, err_Pf=8.589e-09
it = 155, iter/nx=7.8, err_Pf=8.614e-09
it = 156, iter/nx=7.8, err_Pf=8.535e-09
it = 157, iter/nx=7.8, err_Pf=8.553e-09
it = 158, iter/nx=7.8, err_Pf=9.171e-09
it = 159, iter/nx=7.8, err_Pf=9.695e-09
it = 160, iter/nx=8.1, err_Pf=4.755e-09
it = 161, iter/nx=8.1, err_Pf=4.857e-09
it = 162, iter/nx=8.1, err_Pf=4.922e-09
it = 163, iter/nx=8.1, err_Pf=4.941e-09
it = 164, iter/nx=8.1, err_Pf=4.910e-09
it = 165, iter/nx=8.1, err_Pf=4.940e-09
it = 166, iter/nx=8.1, err_Pf=5.007e-09
it = 167, iter/nx=8.1, err_Pf=5.068e-09
it = 168, iter/nx=8.1, err_Pf=5.125e-09
it = 169, iter/nx=8.1, err_Pf=5.169e-09
it = 170, iter/nx=8.1, err_Pf=5.211e-09
it = 171, iter/nx=8.1, err_Pf=5.321e-09
it = 172, iter/nx=8.1, err_Pf=5.455e-09
it = 173, iter/nx=8.1, err_Pf=5.577e-09
it = 174, iter/nx=8.1, err_Pf=5.678e-09
it = 175, iter/nx=8.1, err_Pf=5.744e-09
it = 176, iter/nx=7.8, err_Pf=9.993e-09
it = 177, iter/nx=7.8, err_Pf=9.383e-09
it = 178, iter/nx=7.8, err_Pf=9.088e-09
it = 179, iter/nx=7.8, err_Pf=9.045e-09
it = 180, iter/nx=7.8, err_Pf=8.842e-09
it = 181, iter/nx=7.8, err_Pf=8.523e-09
it = 182, iter/nx=7.8, err_Pf=8.446e-09
it = 183, iter/nx=7.8, err_Pf=8.647e-09
it = 184, iter/nx=7.8, err_Pf=8.752e-09
it = 185, iter/nx=7.8, err_Pf=8.842e-09
it = 186, iter/nx=7.8, err_Pf=8.752e-09
it = 187, iter/nx=7.8, err_Pf=8.879e-09
it = 188, iter/nx=7.8, err_Pf=9.063e-09
it = 189, iter/nx=7.8, err_Pf=9.132e-09
it = 190, iter/nx=7.8, err_Pf=9.039e-09
it = 191, iter/nx=7.8, err_Pf=9.181e-09
it = 192, iter/nx=8.1, err_Pf=5.333e-09
it = 193, iter/nx=8.1, err_Pf=5.207e-09
it = 194, iter/nx=8.1, err_Pf=5.207e-09
it = 195, iter/nx=8.1, err_Pf=5.272e-09
it = 196, iter/nx=8.1, err_Pf=5.333e-09
it = 197, iter/nx=8.1, err_Pf=5.323e-09
it = 198, iter/nx=8.1, err_Pf=5.246e-09
it = 199, iter/nx=8.1, err_Pf=5.244e-09
it = 200, iter/nx=8.1, err_Pf=5.476e-09
it = 201, iter/nx=7.8, err_Pf=9.519e-09
it = 202, iter/nx=7.8, err_Pf=9.652e-09
it = 203, iter/nx=7.8, err_Pf=9.770e-09
it = 204, iter/nx=7.8, err_Pf=9.757e-09
it = 205, iter/nx=7.8, err_Pf=9.639e-09
it = 206, iter/nx=7.8, err_Pf=9.767e-09
it = 207, iter/nx=7.8, err_Pf=9.842e-09
it = 208, iter/nx=7.8, err_Pf=9.822e-09
it = 209, iter/nx=7.8, err_Pf=9.740e-09
it = 210, iter/nx=7.8, err_Pf=9.605e-09
it = 211, iter/nx=7.8, err_Pf=9.691e-09
it = 212, iter/nx=7.8, err_Pf=9.822e-09
it = 213, iter/nx=7.8, err_Pf=9.912e-09
it = 214, iter/nx=8.1, err_Pf=6.286e-09
it = 215, iter/nx=8.1, err_Pf=6.249e-09
it = 216, iter/nx=8.1, err_Pf=6.132e-09
it = 217, iter/nx=8.1, err_Pf=5.898e-09
it = 218, iter/nx=8.1, err_Pf=5.718e-09
it = 219, iter/nx=8.1, err_Pf=5.743e-09
it = 220, iter/nx=8.1, err_Pf=6.042e-09
it = 221, iter/nx=8.1, err_Pf=6.353e-09
it = 222, iter/nx=8.1, err_Pf=6.646e-09
it = 223, iter/nx=7.8, err_Pf=9.780e-09
it = 224, iter/nx=7.8, err_Pf=9.925e-09
it = 225, iter/nx=7.8, err_Pf=9.929e-09
it = 226, iter/nx=7.8, err_Pf=9.813e-09
it = 227, iter/nx=8.1, err_Pf=7.605e-09
it = 228, iter/nx=8.1, err_Pf=7.703e-09
it = 229, iter/nx=8.1, err_Pf=7.686e-09
it = 230, iter/nx=8.1, err_Pf=7.552e-09
it = 231, iter/nx=8.1, err_Pf=7.307e-09
it = 232, iter/nx=8.1, err_Pf=6.968e-09
it = 233, iter/nx=8.1, err_Pf=6.555e-09
it = 234, iter/nx=8.1, err_Pf=6.390e-09
it = 235, iter/nx=8.1, err_Pf=6.447e-09
it = 236, iter/nx=8.1, err_Pf=6.518e-09
it = 237, iter/nx=8.1, err_Pf=6.525e-09
it = 238, iter/nx=8.1, err_Pf=6.456e-09
it = 239, iter/nx=8.1, err_Pf=6.303e-09
it = 240, iter/nx=8.1, err_Pf=6.546e-09
it = 241, iter/nx=8.1, err_Pf=6.811e-09
it = 242, iter/nx=8.1, err_Pf=6.991e-09
it = 243, iter/nx=8.1, err_Pf=7.078e-09
it = 244, iter/nx=8.1, err_Pf=7.066e-09
it = 245, iter/nx=8.1, err_Pf=6.953e-09
it = 246, iter/nx=8.1, err_Pf=6.869e-09
it = 247, iter/nx=8.1, err_Pf=6.773e-09
it = 248, iter/nx=8.1, err_Pf=6.616e-09
it = 249, iter/nx=8.1, err_Pf=6.471e-09
it = 250, iter/nx=8.1, err_Pf=6.425e-09
it = 251, iter/nx=8.1, err_Pf=6.327e-09
it = 252, iter/nx=8.1, err_Pf=6.212e-09
it = 253, iter/nx=8.1, err_Pf=6.161e-09
it = 254, iter/nx=8.1, err_Pf=6.073e-09
it = 255, iter/nx=8.1, err_Pf=5.937e-09
it = 256, iter/nx=8.1, err_Pf=6.100e-09
it = 257, iter/nx=8.1, err_Pf=6.175e-09
it = 258, iter/nx=7.8, err_Pf=9.947e-09
it = 259, iter/nx=7.8, err_Pf=9.571e-09
it = 260, iter/nx=7.8, err_Pf=9.437e-09
it = 261, iter/nx=7.8, err_Pf=9.368e-09
it = 262, iter/nx=7.8, err_Pf=9.472e-09
it = 263, iter/nx=7.8, err_Pf=9.548e-09
it = 264, iter/nx=7.8, err_Pf=9.617e-09
it = 265, iter/nx=7.8, err_Pf=9.674e-09
it = 266, iter/nx=7.8, err_Pf=9.707e-09
it = 267, iter/nx=7.8, err_Pf=9.900e-09
it = 268, iter/nx=8.1, err_Pf=6.280e-09
it = 269, iter/nx=8.1, err_Pf=6.436e-09
it = 270, iter/nx=8.1, err_Pf=6.541e-09
it = 271, iter/nx=8.1, err_Pf=6.606e-09
it = 272, iter/nx=8.1, err_Pf=6.644e-09
it = 273, iter/nx=8.1, err_Pf=6.723e-09
it = 274, iter/nx=8.1, err_Pf=6.722e-09
it = 275, iter/nx=8.1, err_Pf=6.628e-09
it = 276, iter/nx=8.1, err_Pf=6.688e-09
it = 277, iter/nx=8.1, err_Pf=6.918e-09
it = 278, iter/nx=8.1, err_Pf=7.126e-09
it = 279, iter/nx=7.8, err_Pf=9.408e-09
it = 280, iter/nx=7.8, err_Pf=8.841e-09
it = 281, iter/nx=7.8, err_Pf=8.898e-09
it = 282, iter/nx=7.8, err_Pf=8.889e-09
it = 283, iter/nx=7.8, err_Pf=8.833e-09
it = 284, iter/nx=7.8, err_Pf=8.725e-09
it = 285, iter/nx=7.8, err_Pf=8.827e-09
it = 286, iter/nx=7.8, err_Pf=9.009e-09
it = 287, iter/nx=7.8, err_Pf=9.210e-09
it = 288, iter/nx=7.8, err_Pf=9.364e-09
it = 289, iter/nx=7.8, err_Pf=9.477e-09
it = 290, iter/nx=7.8, err_Pf=9.549e-09
it = 291, iter/nx=7.8, err_Pf=9.632e-09
it = 292, iter/nx=7.8, err_Pf=9.628e-09
it = 293, iter/nx=7.8, err_Pf=9.513e-09
it = 294, iter/nx=7.8, err_Pf=9.322e-09
it = 295, iter/nx=7.8, err_Pf=9.297e-09
it = 296, iter/nx=7.8, err_Pf=9.685e-09
it = 297, iter/nx=8.1, err_Pf=5.817e-09
it = 298, iter/nx=8.1, err_Pf=5.838e-09
it = 299, iter/nx=8.1, err_Pf=5.824e-09
it = 300, iter/nx=8.1, err_Pf=5.892e-09
it = 301, iter/nx=8.1, err_Pf=5.931e-09
it = 302, iter/nx=8.1, err_Pf=5.962e-09
it = 303, iter/nx=7.8, err_Pf=9.944e-09
it = 304, iter/nx=7.8, err_Pf=9.791e-09
it = 305, iter/nx=8.1, err_Pf=6.239e-09
it = 306, iter/nx=8.1, err_Pf=6.275e-09
it = 307, iter/nx=8.1, err_Pf=6.284e-09
it = 308, iter/nx=8.1, err_Pf=6.289e-09
it = 309, iter/nx=8.1, err_Pf=6.269e-09
it = 310, iter/nx=8.1, err_Pf=6.316e-09
it = 311, iter/nx=8.1, err_Pf=6.543e-09
it = 312, iter/nx=8.1, err_Pf=6.806e-09
it = 313, iter/nx=8.1, err_Pf=7.061e-09
it = 314, iter/nx=8.1, err_Pf=7.317e-09
it = 315, iter/nx=8.1, err_Pf=7.553e-09
it = 316, iter/nx=8.1, err_Pf=7.756e-09
it = 317, iter/nx=8.1, err_Pf=7.914e-09
it = 318, iter/nx=8.1, err_Pf=8.015e-09
it = 319, iter/nx=8.1, err_Pf=8.049e-09
it = 320, iter/nx=8.1, err_Pf=8.012e-09
it = 321, iter/nx=7.8, err_Pf=9.982e-09
it = 322, iter/nx=7.8, err_Pf=9.814e-09
it = 323, iter/nx=7.8, err_Pf=9.807e-09
it = 324, iter/nx=7.8, err_Pf=9.679e-09
it = 325, iter/nx=7.8, err_Pf=9.557e-09
it = 326, iter/nx=7.8, err_Pf=9.339e-09
it = 327, iter/nx=7.8, err_Pf=9.365e-09
it = 328, iter/nx=7.8, err_Pf=9.422e-09
it = 329, iter/nx=7.8, err_Pf=9.428e-09
it = 330, iter/nx=7.8, err_Pf=9.454e-09
it = 331, iter/nx=7.8, err_Pf=9.561e-09
it = 332, iter/nx=7.8, err_Pf=9.646e-09
it = 333, iter/nx=7.8, err_Pf=9.706e-09
it = 334, iter/nx=7.8, err_Pf=9.719e-09
it = 335, iter/nx=8.1, err_Pf=6.635e-09
it = 336, iter/nx=8.1, err_Pf=6.567e-09
it = 337, iter/nx=8.1, err_Pf=6.482e-09
it = 338, iter/nx=8.1, err_Pf=6.623e-09
it = 339, iter/nx=8.1, err_Pf=6.944e-09
it = 340, iter/nx=8.1, err_Pf=7.219e-09
it = 341, iter/nx=8.1, err_Pf=7.470e-09
it = 342, iter/nx=8.1, err_Pf=7.681e-09
it = 343, iter/nx=8.1, err_Pf=7.852e-09
it = 344, iter/nx=8.1, err_Pf=7.970e-09
it = 345, iter/nx=8.1, err_Pf=8.039e-09
it = 346, iter/nx=8.1, err_Pf=8.056e-09
it = 347, iter/nx=8.1, err_Pf=8.053e-09
it = 348, iter/nx=8.1, err_Pf=8.010e-09
it = 349, iter/nx=8.1, err_Pf=7.930e-09
it = 350, iter/nx=8.1, err_Pf=7.827e-09
it = 351, iter/nx=8.1, err_Pf=7.705e-09
it = 352, iter/nx=8.1, err_Pf=7.567e-09
it = 353, iter/nx=8.1, err_Pf=7.405e-09
it = 354, iter/nx=8.1, err_Pf=7.225e-09
it = 355, iter/nx=8.1, err_Pf=7.036e-09
it = 356, iter/nx=8.1, err_Pf=6.842e-09
it = 357, iter/nx=8.1, err_Pf=6.641e-09
it = 358, iter/nx=8.1, err_Pf=6.437e-09
it = 359, iter/nx=8.1, err_Pf=6.223e-09
it = 360, iter/nx=8.1, err_Pf=5.992e-09
it = 361, iter/nx=8.1, err_Pf=5.745e-09
it = 362, iter/nx=8.1, err_Pf=5.508e-09
it = 363, iter/nx=8.1, err_Pf=5.225e-09
it = 364, iter/nx=7.8, err_Pf=9.819e-09
it = 365, iter/nx=8.1, err_Pf=5.441e-09
it = 366, iter/nx=8.1, err_Pf=5.596e-09
it = 367, iter/nx=8.1, err_Pf=5.680e-09
it = 368, iter/nx=8.1, err_Pf=5.873e-09
it = 369, iter/nx=8.1, err_Pf=5.983e-09
it = 370, iter/nx=8.1, err_Pf=6.006e-09
it = 371, iter/nx=8.1, err_Pf=5.963e-09
it = 372, iter/nx=8.1, err_Pf=5.910e-09
it = 373, iter/nx=8.1, err_Pf=5.938e-09
it = 374, iter/nx=8.1, err_Pf=5.924e-09
it = 375, iter/nx=8.1, err_Pf=5.875e-09
it = 376, iter/nx=8.1, err_Pf=5.819e-09
it = 377, iter/nx=8.1, err_Pf=5.751e-09
it = 378, iter/nx=8.1, err_Pf=5.635e-09
it = 379, iter/nx=8.1, err_Pf=5.466e-09
it = 380, iter/nx=8.1, err_Pf=5.377e-09
it = 381, iter/nx=8.1, err_Pf=5.472e-09
it = 382, iter/nx=8.1, err_Pf=5.516e-09
it = 383, iter/nx=7.8, err_Pf=9.841e-09
it = 384, iter/nx=7.8, err_Pf=9.613e-09
it = 385, iter/nx=7.8, err_Pf=9.332e-09
it = 386, iter/nx=7.8, err_Pf=9.041e-09
it = 387, iter/nx=7.8, err_Pf=9.471e-09
it = 388, iter/nx=7.8, err_Pf=9.974e-09
it = 389, iter/nx=8.1, err_Pf=5.648e-09
it = 390, iter/nx=8.1, err_Pf=5.593e-09
it = 391, iter/nx=8.1, err_Pf=5.516e-09
it = 392, iter/nx=8.1, err_Pf=5.430e-09
it = 393, iter/nx=8.1, err_Pf=5.350e-09
it = 394, iter/nx=8.1, err_Pf=5.277e-09
it = 395, iter/nx=8.1, err_Pf=5.490e-09
it = 396, iter/nx=8.1, err_Pf=5.950e-09
it = 397, iter/nx=8.1, err_Pf=6.374e-09
it = 398, iter/nx=8.1, err_Pf=6.765e-09
it = 399, iter/nx=8.1, err_Pf=7.132e-09
it = 400, iter/nx=8.1, err_Pf=7.474e-09
it = 401, iter/nx=8.1, err_Pf=7.792e-09
it = 402, iter/nx=8.1, err_Pf=8.096e-09
it = 403, iter/nx=8.1, err_Pf=8.381e-09
it = 404, iter/nx=8.1, err_Pf=8.636e-09
it = 405, iter/nx=8.1, err_Pf=8.877e-09
it = 406, iter/nx=8.1, err_Pf=9.100e-09
it = 407, iter/nx=8.1, err_Pf=9.296e-09
it = 408, iter/nx=8.1, err_Pf=9.462e-09
it = 409, iter/nx=8.1, err_Pf=9.607e-09
it = 410, iter/nx=8.1, err_Pf=9.737e-09
it = 411, iter/nx=8.1, err_Pf=9.850e-09
it = 412, iter/nx=8.1, err_Pf=9.936e-09
it = 413, iter/nx=8.1, err_Pf=9.991e-09
it = 414, iter/nx=8.3, err_Pf=3.060e-09
it = 415, iter/nx=8.1, err_Pf=9.975e-09
it = 416, iter/nx=8.1, err_Pf=9.887e-09
it = 417, iter/nx=7.8, err_Pf=9.682e-09
it = 418, iter/nx=7.8, err_Pf=9.234e-09
it = 419, iter/nx=7.8, err_Pf=8.739e-09
it = 420, iter/nx=7.8, err_Pf=8.775e-09
it = 421, iter/nx=7.8, err_Pf=8.943e-09
it = 422, iter/nx=7.8, err_Pf=9.046e-09
it = 423, iter/nx=7.8, err_Pf=9.197e-09
it = 424, iter/nx=7.8, err_Pf=9.270e-09
it = 425, iter/nx=7.8, err_Pf=9.220e-09
it = 426, iter/nx=7.8, err_Pf=9.105e-09
it = 427, iter/nx=7.8, err_Pf=8.948e-09
it = 428, iter/nx=7.8, err_Pf=8.761e-09
it = 429, iter/nx=7.8, err_Pf=8.686e-09
it = 430, iter/nx=7.8, err_Pf=8.533e-09
it = 431, iter/nx=7.8, err_Pf=8.361e-09
it = 432, iter/nx=7.8, err_Pf=8.234e-09
it = 433, iter/nx=7.8, err_Pf=8.281e-09
it = 434, iter/nx=7.8, err_Pf=8.515e-09
it = 435, iter/nx=7.8, err_Pf=8.644e-09
it = 436, iter/nx=7.8, err_Pf=8.757e-09
it = 437, iter/nx=7.8, err_Pf=9.143e-09
it = 438, iter/nx=7.8, err_Pf=9.447e-09
it = 439, iter/nx=7.8, err_Pf=9.662e-09
it = 440, iter/nx=7.8, err_Pf=9.707e-09
it = 441, iter/nx=7.8, err_Pf=9.632e-09
it = 442, iter/nx=7.8, err_Pf=9.455e-09
it = 443, iter/nx=7.8, err_Pf=9.174e-09
it = 444, iter/nx=7.8, err_Pf=8.821e-09
it = 445, iter/nx=7.8, err_Pf=8.730e-09
it = 446, iter/nx=7.8, err_Pf=9.314e-09
it = 447, iter/nx=7.8, err_Pf=9.901e-09
it = 448, iter/nx=8.1, err_Pf=6.726e-09
it = 449, iter/nx=8.1, err_Pf=6.788e-09
it = 450, iter/nx=8.1, err_Pf=6.839e-09
it = 451, iter/nx=8.1, err_Pf=6.894e-09
it = 452, iter/nx=8.1, err_Pf=6.919e-09
it = 453, iter/nx=8.1, err_Pf=6.917e-09
it = 454, iter/nx=8.1, err_Pf=6.868e-09
it = 455, iter/nx=8.1, err_Pf=6.733e-09
it = 456, iter/nx=8.1, err_Pf=6.551e-09
it = 457, iter/nx=8.1, err_Pf=6.314e-09
it = 458, iter/nx=7.8, err_Pf=9.637e-09
it = 459, iter/nx=7.8, err_Pf=9.763e-09
it = 460, iter/nx=7.8, err_Pf=9.961e-09
it = 461, iter/nx=8.1, err_Pf=6.386e-09
it = 462, iter/nx=7.8, err_Pf=9.968e-09
it = 463, iter/nx=7.8, err_Pf=9.786e-09
it = 464, iter/nx=7.8, err_Pf=9.478e-09
it = 465, iter/nx=7.8, err_Pf=9.050e-09
it = 466, iter/nx=7.8, err_Pf=8.531e-09
it = 467, iter/nx=7.8, err_Pf=8.695e-09
it = 468, iter/nx=7.8, err_Pf=8.807e-09
it = 469, iter/nx=7.8, err_Pf=8.848e-09
it = 470, iter/nx=7.8, err_Pf=8.945e-09
it = 471, iter/nx=7.8, err_Pf=9.115e-09
it = 472, iter/nx=7.8, err_Pf=9.145e-09
it = 473, iter/nx=7.8, err_Pf=9.717e-09
it = 474, iter/nx=8.1, err_Pf=8.623e-09
it = 475, iter/nx=8.1, err_Pf=8.965e-09
it = 476, iter/nx=8.1, err_Pf=9.271e-09
it = 477, iter/nx=8.1, err_Pf=9.487e-09
it = 478, iter/nx=8.1, err_Pf=9.630e-09
it = 479, iter/nx=7.8, err_Pf=9.992e-09
it = 480, iter/nx=8.1, err_Pf=9.856e-09
it = 481, iter/nx=8.1, err_Pf=9.898e-09
it = 482, iter/nx=8.1, err_Pf=9.900e-09
it = 483, iter/nx=8.1, err_Pf=9.905e-09
it = 484, iter/nx=8.1, err_Pf=9.879e-09
it = 485, iter/nx=8.1, err_Pf=9.735e-09
it = 486, iter/nx=8.1, err_Pf=9.525e-09
it = 487, iter/nx=8.1, err_Pf=9.262e-09
it = 488, iter/nx=8.1, err_Pf=8.945e-09
it = 489, iter/nx=7.8, err_Pf=9.824e-09
it = 490, iter/nx=7.8, err_Pf=9.415e-09
it = 491, iter/nx=7.8, err_Pf=9.344e-09
it = 492, iter/nx=7.8, err_Pf=9.604e-09
it = 493, iter/nx=7.8, err_Pf=9.747e-09
it = 494, iter/nx=7.8, err_Pf=9.761e-09
it = 495, iter/nx=7.8, err_Pf=9.606e-09
it = 496, iter/nx=7.8, err_Pf=9.333e-09
it = 497, iter/nx=7.8, err_Pf=9.000e-09
it = 498, iter/nx=7.8, err_Pf=8.892e-09
it = 499, iter/nx=7.8, err_Pf=8.866e-09
it = 500, iter/nx=7.8, err_Pf=8.828e-09